<?xml version="1.0" encoding="utf-8"?><testsuites name="pytest tests"><testsuite name="pytest" errors="0" failures="0" skipped="0" tests="34" time="8.437" timestamp="2026-06-09T22:24:23.152988+00:00" hostname="agent-env-82e5556f-1612-42b5-8fdc-ea7dc5cf1063"><testcase classname="backend.tests.backend_test.TestHealth" name="test_health" time="0.538" /><testcase classname="backend.tests.backend_test.TestHealth" name="test_plans" time="0.145" /><testcase classname="backend.tests.backend_test.TestAuth" name="test_register_user" time="0.348" /><testcase classname="backend.tests.backend_test.TestAuth" name="test_register_duplicate" time="0.057" /><testcase classname="backend.tests.backend_test.TestAuth" name="test_login_success" time="0.340" /><testcase classname="backend.tests.backend_test.TestAuth" name="test_login_invalid" time="0.458" /><testcase classname="backend.tests.backend_test.TestAuth" name="test_me_with_bearer" time="0.212" /><testcase classname="backend.tests.backend_test.TestAuth" name="test_me_without_auth" time="0.182" /><testcase classname="backend.tests.backend_test.TestAuth" name="test_logout" time="0.129" /><testcase classname="backend.tests.backend_test.TestAuth" name="test_admin_seed_role" time="0.458" /><testcase classname="backend.tests.backend_test.TestAuth" name="test_google_session_invalid" time="0.298" /><testcase classname="backend.tests.backend_test.TestDevices" name="test_create_list_device" time="0.309" /><testcase classname="backend.tests.backend_test.TestDevices" name="test_regenerate_token" time="0.139" /><testcase classname="backend.tests.backend_test.TestDevices" name="test_isolation_devices" time="0.531" /><testcase classname="backend.tests.backend_test.TestDevices" name="test_delete_device_not_found" time="0.141" /><testcase classname="backend.tests.backend_test.TestCameras" name="test_create_camera_invalid_device" time="0.127" /><testcase classname="backend.tests.backend_test.TestCameras" name="test_create_camera" time="0.123" /><testcase classname="backend.tests.backend_test.TestCameras" name="test_list_cameras" time="0.119" /><testcase classname="backend.tests.backend_test.TestCameras" name="test_camera_isolation" time="0.119" /><testcase classname="backend.tests.backend_test.TestEvents" name="test_list_events_empty" time="0.125" /><testcase classname="backend.tests.backend_test.TestEvents" name="test_events_filters" time="0.328" /><testcase classname="backend.tests.backend_test.TestDashboard" name="test_stats" time="0.119" /><testcase classname="backend.tests.backend_test.TestAdmin" name="test_admin_stats_forbidden_for_user" time="0.162" /><testcase classname="backend.tests.backend_test.TestAdmin" name="test_admin_stats" time="0.119" /><testcase classname="backend.tests.backend_test.TestAdmin" name="test_admin_users" time="0.122" /><testcase classname="backend.tests.backend_test.TestAdmin" name="test_admin_devices" time="0.134" /><testcase classname="backend.tests.backend_test.TestAdmin" name="test_toggle_active" time="0.374" /><testcase classname="backend.tests.backend_test.TestBilling" name="test_checkout_invalid_plan" time="0.123" /><testcase classname="backend.tests.backend_test.TestBilling" name="test_checkout_free_invalid" time="0.126" /><testcase classname="backend.tests.backend_test.TestBilling" name="test_checkout_pro" time="0.749" /><testcase classname="backend.tests.backend_test.TestBilling" name="test_billing_status_owner" time="0.317" /><testcase classname="backend.tests.backend_test.TestBilling" name="test_billing_status_other_user_404" time="0.141" /><testcase classname="backend.tests.backend_test.TestZCleanup" name="test_delete_camera" time="0.110" /><testcase classname="backend.tests.backend_test.TestZCleanup" name="test_delete_device_cascades" time="0.226" /></testsuite></testsuites>