<?xml version="1.0" encoding="utf-8"?><testsuites name="pytest tests"><testsuite name="pytest" errors="0" failures="0" skipped="0" tests="57" time="11.956" timestamp="2026-06-09T22:39:06.380066+00:00" hostname="agent-env-82e5556f-1612-42b5-8fdc-ea7dc5cf1063"><testcase classname="backend.tests.backend_test.TestHealth" name="test_health" time="0.253" /><testcase classname="backend.tests.backend_test.TestHealth" name="test_plans" time="0.189" /><testcase classname="backend.tests.backend_test.TestAuth" name="test_register_user" time="0.346" /><testcase classname="backend.tests.backend_test.TestAuth" name="test_register_duplicate" time="0.051" /><testcase classname="backend.tests.backend_test.TestAuth" name="test_login_success" time="0.336" /><testcase classname="backend.tests.backend_test.TestAuth" name="test_login_invalid" time="0.324" /><testcase classname="backend.tests.backend_test.TestAuth" name="test_me_with_bearer" time="0.123" /><testcase classname="backend.tests.backend_test.TestAuth" name="test_me_without_auth" time="0.105" /><testcase classname="backend.tests.backend_test.TestAuth" name="test_logout" time="0.271" /><testcase classname="backend.tests.backend_test.TestAuth" name="test_admin_seed_role" time="0.535" /><testcase classname="backend.tests.backend_test.TestAuth" name="test_google_session_invalid" time="0.238" /><testcase classname="backend.tests.backend_test.TestDevices" name="test_create_list_device" time="0.220" /><testcase classname="backend.tests.backend_test.TestDevices" name="test_regenerate_token" time="0.109" /><testcase classname="backend.tests.backend_test.TestDevices" name="test_isolation_devices" time="0.492" /><testcase classname="backend.tests.backend_test.TestDevices" name="test_delete_device_not_found" time="0.120" /><testcase classname="backend.tests.backend_test.TestCameras" name="test_create_camera_invalid_device" time="0.124" /><testcase classname="backend.tests.backend_test.TestCameras" name="test_create_camera" time="0.120" /><testcase classname="backend.tests.backend_test.TestCameras" name="test_list_cameras" time="0.141" /><testcase classname="backend.tests.backend_test.TestCameras" name="test_camera_isolation" time="0.155" /><testcase classname="backend.tests.backend_test.TestEvents" name="test_list_events_empty" time="0.115" /><testcase classname="backend.tests.backend_test.TestEvents" name="test_events_filters" time="0.247" /><testcase classname="backend.tests.backend_test.TestDashboard" name="test_stats" time="0.104" /><testcase classname="backend.tests.backend_test.TestAdmin" name="test_admin_stats_forbidden_for_user" time="0.114" /><testcase classname="backend.tests.backend_test.TestAdmin" name="test_admin_stats" time="0.109" /><testcase classname="backend.tests.backend_test.TestAdmin" name="test_admin_users" time="0.112" /><testcase classname="backend.tests.backend_test.TestAdmin" name="test_admin_devices" time="0.128" /><testcase classname="backend.tests.backend_test.TestAdmin" name="test_toggle_active" time="0.402" /><testcase classname="backend.tests.backend_test.TestBilling" name="test_checkout_invalid_plan" time="0.120" /><testcase classname="backend.tests.backend_test.TestBilling" name="test_checkout_free_invalid" time="0.110" /><testcase classname="backend.tests.backend_test.TestBilling" name="test_checkout_pro" time="0.689" /><testcase classname="backend.tests.backend_test.TestBilling" name="test_billing_status_owner" time="0.370" /><testcase classname="backend.tests.backend_test.TestBilling" name="test_billing_status_other_user_404" time="0.125" /><testcase classname="backend.tests.backend_test.TestZCleanup" name="test_delete_camera" time="0.104" /><testcase classname="backend.tests.backend_test.TestZCleanup" name="test_delete_device_cascades" time="0.235" /><testcase classname="backend.tests.test_agent.TestPairingTokenFormat" name="test_token_format_create" time="0.488" /><testcase classname="backend.tests.test_agent.TestPairingTokenFormat" name="test_token_format_regenerate" time="0.132" /><testcase classname="backend.tests.test_agent.TestPair" name="test_pair_invalid_token" time="0.112" /><testcase classname="backend.tests.test_agent.TestPair" name="test_pair_missing_token" time="0.112" /><testcase classname="backend.tests.test_agent.TestPair" name="test_pair_success" time="0.113" /><testcase classname="backend.tests.test_agent.TestPair" name="test_pair_token_reusable_until_regenerate" time="0.124" /><testcase classname="backend.tests.test_agent.TestPair" name="test_device_marked_paired" time="0.101" /><testcase classname="backend.tests.test_agent.TestHeartbeat" name="test_heartbeat_no_auth" time="0.124" /><testcase classname="backend.tests.test_agent.TestHeartbeat" name="test_heartbeat_bad_auth" time="0.118" /><testcase classname="backend.tests.test_agent.TestHeartbeat" name="test_heartbeat_success" time="0.242" /><testcase classname="backend.tests.test_agent.TestDetectedCameras" name="test_report_detected_cameras" time="0.104" /><testcase classname="backend.tests.test_agent.TestAgentCameras" name="test_agent_cameras_empty" time="0.128" /><testcase classname="backend.tests.test_agent.TestAgentCameras" name="test_agent_cameras_bad_auth" time="0.116" /><testcase classname="backend.tests.test_agent.TestAgentCameras" name="test_create_camera_and_agent_sees_it" time="0.257" /><testcase classname="backend.tests.test_agent.TestThumbnail" name="test_thumbnail_success" time="0.105" /><testcase classname="backend.tests.test_agent.TestThumbnail" name="test_thumbnail_too_big" time="0.160" /><testcase classname="backend.tests.test_agent.TestThumbnail" name="test_thumbnail_wrong_device" time="0.745" /><testcase classname="backend.tests.test_agent.TestThumbnail" name="test_thumbnail_visible_in_cameras_list" time="0.165" /><testcase classname="backend.tests.test_agent.TestEvents" name="test_event_success" time="0.223" /><testcase classname="backend.tests.test_agent.TestEvents" name="test_event_isolation_cross_user" time="0.202" /><testcase classname="backend.tests.test_agent.TestAgentDownload" name="test_download_no_auth" time="0.139" /><testcase classname="backend.tests.test_agent.TestAgentDownload" name="test_download_success" time="0.133" /><testcase classname="backend.tests.test_agent.TestZCleanup" name="test_cleanup" time="0.333" /></testsuite></testsuites>